<?xml version="1.0" encoding="UTF-8"?>
<testng-results skipped="0" failed="1" total="3" passed="2">
  <reporter-output>
  </reporter-output>
  <suite name="SuiteIE" duration-ms="12051" started-at="2013-08-27T10:27:31Z" finished-at="2013-08-27T10:27:43Z">
    <groups>
    </groups>
    <test name="Test" duration-ms="12051" started-at="2013-08-27T10:27:31Z" finished-at="2013-08-27T10:27:43Z">
      <class name="com.test.wordpress.loginTests">
        <test-method status="PASS" signature="setupBeforeSuite(org.testng.ITestContext)[pri:0, instance:com.test.wordpress.loginTests@88485f]" name="setupBeforeSuite" is-config="true" duration-ms="3752" started-at="2013-08-27T15:57:27Z" finished-at="2013-08-27T15:57:31Z">
          <params>
            <param index="0">
              <value>
                <![CDATA[org.testng.TestRunner@1160d8e]]>
              </value>
            </param>
          </params>
          <reporter-output>
          </reporter-output>
        </test-method> <!-- setupBeforeSuite -->
        <test-method status="PASS" signature="loginGoogle()[pri:0, instance:com.test.wordpress.loginTests@88485f]" name="loginGoogle" duration-ms="2100" started-at="2013-08-27T15:57:31Z" finished-at="2013-08-27T15:57:33Z">
          <reporter-output>
          </reporter-output>
        </test-method> <!-- loginGoogle -->
        <test-method status="PASS" signature="loginRediff()[pri:0, instance:com.test.wordpress.loginTests@88485f]" name="loginRediff" duration-ms="2295" started-at="2013-08-27T15:57:33Z" finished-at="2013-08-27T15:57:35Z">
          <reporter-output>
          </reporter-output>
        </test-method> <!-- loginRediff -->
        <test-method status="FAIL" signature="loginYahoo()[pri:0, instance:com.test.wordpress.loginTests@88485f]" name="loginYahoo" duration-ms="7645" started-at="2013-08-27T15:57:35Z" finished-at="2013-08-27T15:57:43Z">
          <exception class="java.lang.AssertionError">
            <message>
              <![CDATA[Page has not loaded properly. expected [Yahoo! India] but found [Yahoo! India1]]]>
            </message>
            <full-stacktrace>
              <![CDATA[java.lang.AssertionError: Page has not loaded properly. expected [Yahoo! India] but found [Yahoo! India1]
	at org.testng.Assert.fail(Assert.java:94)
	at org.testng.Assert.failNotEquals(Assert.java:494)
	at org.testng.Assert.assertEquals(Assert.java:123)
	at org.testng.Assert.assertEquals(Assert.java:176)
	at com.test.wordpress.loginTests.loginYahoo(loginTests.java:84)
	at sun.reflect.NativeMethodAccessorImpl.invoke0(Native Method)
	at sun.reflect.NativeMethodAccessorImpl.invoke(NativeMethodAccessorImpl.java:57)
	at sun.reflect.DelegatingMethodAccessorImpl.invoke(DelegatingMethodAccessorImpl.java:43)
	at java.lang.reflect.Method.invoke(Method.java:601)
	at org.testng.internal.MethodInvocationHelper.invokeMethod(MethodInvocationHelper.java:84)
	at org.testng.internal.Invoker.invokeMethod(Invoker.java:714)
	at org.testng.internal.Invoker.invokeTestMethod(Invoker.java:901)
	at org.testng.internal.Invoker.invokeTestMethods(Invoker.java:1231)
	at org.testng.internal.TestMethodWorker.invokeTestMethods(TestMethodWorker.java:127)
	at org.testng.internal.TestMethodWorker.run(TestMethodWorker.java:111)
	at org.testng.TestRunner.privateRun(TestRunner.java:767)
	at org.testng.TestRunner.run(TestRunner.java:617)
	at org.testng.SuiteRunner.runTest(SuiteRunner.java:335)
	at org.testng.SuiteRunner.runSequentially(SuiteRunner.java:330)
	at org.testng.SuiteRunner.privateRun(SuiteRunner.java:291)
	at org.testng.SuiteRunner.run(SuiteRunner.java:240)
	at org.testng.SuiteRunnerWorker.runSuite(SuiteRunnerWorker.java:52)
	at org.testng.SuiteRunnerWorker.run(SuiteRunnerWorker.java:86)
	at org.testng.TestNG.runSuitesSequentially(TestNG.java:1224)
	at org.testng.TestNG.runSuitesLocally(TestNG.java:1149)
	at org.testng.TestNG.run(TestNG.java:1057)
	at org.testng.remote.RemoteTestNG.run(RemoteTestNG.java:111)
	at org.testng.remote.RemoteTestNG.initAndRun(RemoteTestNG.java:204)
	at org.testng.remote.RemoteTestNG.main(RemoteTestNG.java:175)
]]>
            </full-stacktrace>
          </exception> <!-- java.lang.AssertionError -->
          <reporter-output>
          </reporter-output>
        </test-method> <!-- loginYahoo -->
        <test-method status="PASS" signature="closeBrowser()[pri:0, instance:com.test.wordpress.loginTests@88485f]" name="closeBrowser" is-config="true" duration-ms="1044" started-at="2013-08-27T15:57:43Z" finished-at="2013-08-27T15:57:44Z">
          <reporter-output>
          </reporter-output>
        </test-method> <!-- closeBrowser -->
      </class> <!-- com.test.wordpress.loginTests -->
    </test> <!-- Test -->
  </suite> <!-- SuiteIE -->
</testng-results>
